#
# There is insufficient memory for the Java Runtime Environment to continue.
# Native memory allocation (mmap) failed to map 65011712 bytes for committing reserved memory.
# Possible reasons:
#   The system is out of physical RAM or swap space
#   The process is running with CompressedOops enabled, and the Java Heap may be blocking the growth of the native heap
# Possible solutions:
#   Reduce memory load on the system
#   Increase physical memory or swap space
#   Check if swap backing store is full
#   Decrease Java heap size (-Xmx/-Xms)
#   Decrease number of Java threads
#   Decrease Java thread stack sizes (-Xss)
#   Set larger code cache with -XX:ReservedCodeCacheSize=
# This output file may be truncated or incomplete.
#
#  Out of Memory Error (os_linux.cpp:2987), pid=8973, tid=8974
#
# JRE version:  (11.0.12+7) (build )
# Java VM: OpenJDK 64-Bit Server VM (11.0.12+7-b1504.40, mixed mode, sharing, tiered, compressed oops, g1 gc, linux-amd64)
# Core dump will be written. Default location: Core dumps may be processed with "/usr/share/apport/apport %p %s %c %d %P %E" (or dumping to /home/spl211/CLionProjects/SPL_Assignment_111/core.8973)
#

---------------  S U M M A R Y ------------

Command Line: git4idea.http.GitAskPassApp Username for 'https://github.com': 

Host: Intel(R) Core(TM) i5-8250U CPU @ 1.60GHz, 2 cores, 3G, Ubuntu 18.04.1 LTS
Time: Thu Nov 25 12:16:54 2021 IST elapsed time: 0.238706 seconds (0d 0h 0m 0s)

---------------  T H R E A D  ---------------

Current thread (0x00007fd5ac029000):  JavaThread "Unknown thread" [_thread_in_vm, id=8974, stack(0x00007fd5b2998000,0x00007fd5b2a99000)]

Stack: [0x00007fd5b2998000,0x00007fd5b2a99000],  sp=0x00007fd5b2a97190,  free space=1020k
Native frames: (J=compiled Java code, A=aot compiled Java code, j=interpreted, Vv=VM code, C=native code)
V  [libjvm.so+0xe7415a]  VMError::report_and_die(int, char const*, char const*, __va_list_tag*, Thread*, unsigned char*, void*, void*, char const*, int, unsigned long)+0x38a
V  [libjvm.so+0xe74e3b]  VMError::report_and_die(Thread*, char const*, int, unsigned long, VMErrorType, char const*, __va_list_tag*)+0x2b
V  [libjvm.so+0x696515]  report_vm_out_of_memory(char const*, int, unsigned long, VMErrorType, char const*, ...)+0xc5
V  [libjvm.so+0xbcbc08]  os::pd_commit_memory_or_exit(char*, unsigned long, unsigned long, bool, char const*)+0xd8
V  [libjvm.so+0xbc1e6d]  os::commit_memory_or_exit(char*, unsigned long, unsigned long, bool, char const*)+0x1d
V  [libjvm.so+0x7b029c]  G1PageBasedVirtualSpace::commit_preferred_pages(unsigned long, unsigned long)+0x6c
V  [libjvm.so+0x7b067e]  G1PageBasedVirtualSpace::commit(unsigned long, unsigned long)+0x19e
V  [libjvm.so+0x7b9d46]  G1RegionsLargerThanCommitSizeMapper::commit_regions(unsigned int, unsigned long, WorkGang*)+0x46
V  [libjvm.so+0x8338d4]  HeapRegionManager::commit_regions(unsigned int, unsigned long, WorkGang*)+0x54
V  [libjvm.so+0x8344e0]  HeapRegionManager::make_regions_available(unsigned int, unsigned int, WorkGang*)+0x30
V  [libjvm.so+0x834907]  HeapRegionManager::expand_at(unsigned int, unsigned int, WorkGang*) [clone .part.25]+0xf7
V  [libjvm.so+0x76e2c0]  G1CollectedHeap::expand(unsigned long, WorkGang*, double*)+0xe0
V  [libjvm.so+0x76e9c1]  G1CollectedHeap::initialize()+0x681
V  [libjvm.so+0xe36ff1]  Universe::initialize_heap()+0x41
V  [libjvm.so+0xe372a6]  universe_init()+0x46
V  [libjvm.so+0x853837]  init_globals()+0x57
V  [libjvm.so+0xe10fea]  Threads::create_vm(JavaVMInitArgs*, bool*)+0x30a
V  [libjvm.so+0x8fbca1]  JNI_CreateJavaVM+0x51
C  [libjli.so+0x3c98]  JavaMain+0x88
C  [libjli.so+0x8939]  ThreadJavaMain+0x9


---------------  P R O C E S S  ---------------

Threads class SMR info:
_java_thread_list=0x000055f982ced010, length=0, elements={
}

Java Threads: ( => current thread )

Other Threads:
  0x00007fd5ac040800 GCTaskThread "GC Thread#0" [stack: 0x00007fd598249000,0x00007fd598349000] [id=8975]
  0x00007fd5ac05b800 ConcurrentGCThread "G1 Main Marker" [stack: 0x00007fd591a56000,0x00007fd591b56000] [id=8976]
  0x00007fd5ac05d800 ConcurrentGCThread "G1 Conc#0" [stack: 0x00007fd591954000,0x00007fd591a54000] [id=8977]

[error occurred during error reporting (printing all threads), id 0xb, SIGSEGV (0xb) at pc=0x00007fd5b0f28fb0]

VM state:not at safepoint (not fully initialized)

VM Mutex/Monitor currently owned by a thread:  ([mutex/lock_event])
[0x00007fd5ac0255f0] Heap_lock - owner thread: 0x00007fd5ac029000

Heap address: 0x00000000c2400000, size: 988 MB, Compressed Oops mode: Non-zero based: 0x00000000c2400000
Narrow klass base: 0x0000000000000000, Narrow klass shift: 0

GC Heap History (0 events):
No events

Deoptimization events (0 events):
No events

Classes redefined (0 events):
No events

Internal exceptions (0 events):
No events

Events (2 events):
Event: 0.072 Protecting memory [0x00007fd5b2998000,0x00007fd5b299c000] with protection modes 0
Event: 0.077 Loaded shared library /home/spl211/.local/share/JetBrains/Toolbox/apps/CLion/ch-0/212.5457.51/jbr/lib/libzip.so


Dynamic libraries:
c6200000-100000000 ---p 00000000 00:00 0 
55f981f07000-55f981f08000 r-xp 00000000 08:01 952878                     /home/spl211/.local/share/JetBrains/Toolbox/apps/CLion/ch-0/212.5457.51/jbr/bin/java
55f982108000-55f982109000 r--p 00001000 08:01 952878                     /home/spl211/.local/share/JetBrains/Toolbox/apps/CLion/ch-0/212.5457.51/jbr/bin/java
55f982109000-55f98210a000 rw-p 00002000 08:01 952878                     /home/spl211/.local/share/JetBrains/Toolbox/apps/CLion/ch-0/212.5457.51/jbr/bin/java
55f982ce9000-55f982d0a000 rw-p 00000000 00:00 0                          [heap]
7fd584000000-7fd584021000 rw-p 00000000 00:00 0 
7fd584021000-7fd588000000 ---p 00000000 00:00 0 
7fd58a000000-7fd58c000000 rw-p 00000000 00:00 0 
7fd58c000000-7fd58c021000 rw-p 00000000 00:00 0 
7fd58c021000-7fd590000000 ---p 00000000 00:00 0 
7fd59138d000-7fd591952000 rw-p 00000000 00:00 0 
7fd591952000-7fd591953000 ---p 00000000 00:00 0 
7fd591953000-7fd591a54000 rw-p 00000000 00:00 0 
7fd591a54000-7fd591a55000 ---p 00000000 00:00 0 
7fd591a55000-7fd591b56000 rw-p 00000000 00:00 0 
7fd591b56000-7fd594000000 ---p 00000000 00:00 0 
7fd594000000-7fd594021000 rw-p 00000000 00:00 0 
7fd594021000-7fd598000000 ---p 00000000 00:00 0 
7fd598045000-7fd598247000 rw-p 00000000 00:00 0 
7fd598247000-7fd598248000 ---p 00000000 00:00 0 
7fd598248000-7fd598349000 rw-p 00000000 00:00 0 
7fd598349000-7fd5985b9000 rwxp 00000000 00:00 0 
7fd5985b9000-7fd5988d8000 ---p 00000000 00:00 0 
7fd5988d8000-7fd598b48000 rwxp 00000000 00:00 0 
7fd598b48000-7fd59fe10000 ---p 00000000 00:00 0 
7fd59fe10000-7fd5a0080000 rwxp 00000000 00:00 0 
7fd5a0080000-7fd5a7349000 ---p 00000000 00:00 0 
7fd5a7349000-7fd5aaf5e000 r--s 00000000 08:01 952843                     /home/spl211/.local/share/JetBrains/Toolbox/apps/CLion/ch-0/212.5457.51/jbr/lib/modules
7fd5aaf5e000-7fd5aaf65000 r-xp 00000000 08:01 952789                     /home/spl211/.local/share/JetBrains/Toolbox/apps/CLion/ch-0/212.5457.51/jbr/lib/libzip.so
7fd5aaf65000-7fd5ab164000 ---p 00007000 08:01 952789                     /home/spl211/.local/share/JetBrains/Toolbox/apps/CLion/ch-0/212.5457.51/jbr/lib/libzip.so
7fd5ab164000-7fd5ab165000 r--p 00006000 08:01 952789                     /home/spl211/.local/share/JetBrains/Toolbox/apps/CLion/ch-0/212.5457.51/jbr/lib/libzip.so
7fd5ab165000-7fd5ab166000 rw-p 00000000 00:00 0 
7fd5ab166000-7fd5ab171000 r-xp 00000000 08:01 1185646                    /lib/x86_64-linux-gnu/libnss_files-2.27.so
7fd5ab171000-7fd5ab370000 ---p 0000b000 08:01 1185646                    /lib/x86_64-linux-gnu/libnss_files-2.27.so
7fd5ab370000-7fd5ab371000 r--p 0000a000 08:01 1185646                    /lib/x86_64-linux-gnu/libnss_files-2.27.so
7fd5ab371000-7fd5ab372000 rw-p 0000b000 08:01 1185646                    /lib/x86_64-linux-gnu/libnss_files-2.27.so
7fd5ab372000-7fd5ab378000 rw-p 00000000 00:00 0 
7fd5ab378000-7fd5ab38f000 r-xp 00000000 08:01 1185623                    /lib/x86_64-linux-gnu/libnsl-2.27.so
7fd5ab38f000-7fd5ab58e000 ---p 00017000 08:01 1185623                    /lib/x86_64-linux-gnu/libnsl-2.27.so
7fd5ab58e000-7fd5ab58f000 r--p 00016000 08:01 1185623                    /lib/x86_64-linux-gnu/libnsl-2.27.so
7fd5ab58f000-7fd5ab590000 rw-p 00017000 08:01 1185623                    /lib/x86_64-linux-gnu/libnsl-2.27.so
7fd5ab590000-7fd5ab592000 rw-p 00000000 00:00 0 
7fd5ab592000-7fd5ab59d000 r-xp 00000000 08:01 1185661                    /lib/x86_64-linux-gnu/libnss_nis-2.27.so
7fd5ab59d000-7fd5ab79c000 ---p 0000b000 08:01 1185661                    /lib/x86_64-linux-gnu/libnss_nis-2.27.so
7fd5ab79c000-7fd5ab79d000 r--p 0000a000 08:01 1185661                    /lib/x86_64-linux-gnu/libnss_nis-2.27.so
7fd5ab79d000-7fd5ab79e000 rw-p 0000b000 08:01 1185661                    /lib/x86_64-linux-gnu/libnss_nis-2.27.so
7fd5ab79e000-7fd5ab7a6000 r-xp 00000000 08:01 1185624                    /lib/x86_64-linux-gnu/libnss_compat-2.27.so
7fd5ab7a6000-7fd5ab9a6000 ---p 00008000 08:01 1185624                    /lib/x86_64-linux-gnu/libnss_compat-2.27.so
7fd5ab9a6000-7fd5ab9a7000 r--p 00008000 08:01 1185624                    /lib/x86_64-linux-gnu/libnss_compat-2.27.so
7fd5ab9a7000-7fd5ab9a8000 rw-p 00009000 08:01 1185624                    /lib/x86_64-linux-gnu/libnss_compat-2.27.so
7fd5ab9a8000-7fd5ab9c3000 r-xp 00000000 08:01 952764                     /home/spl211/.local/share/JetBrains/Toolbox/apps/CLion/ch-0/212.5457.51/jbr/lib/libjimage.so
7fd5ab9c3000-7fd5abbc2000 ---p 0001b000 08:01 952764                     /home/spl211/.local/share/JetBrains/Toolbox/apps/CLion/ch-0/212.5457.51/jbr/lib/libjimage.so
7fd5abbc2000-7fd5abbc4000 r--p 0001a000 08:01 952764                     /home/spl211/.local/share/JetBrains/Toolbox/apps/CLion/ch-0/212.5457.51/jbr/lib/libjimage.so
7fd5abbc4000-7fd5abbc5000 rw-p 0001c000 08:01 952764                     /home/spl211/.local/share/JetBrains/Toolbox/apps/CLion/ch-0/212.5457.51/jbr/lib/libjimage.so
7fd5abbc5000-7fd5abbee000 r-xp 00000000 08:01 952759                     /home/spl211/.local/share/JetBrains/Toolbox/apps/CLion/ch-0/212.5457.51/jbr/lib/libjava.so
7fd5abbee000-7fd5abdee000 ---p 00029000 08:01 952759                     /home/spl211/.local/share/JetBrains/Toolbox/apps/CLion/ch-0/212.5457.51/jbr/lib/libjava.so
7fd5abdee000-7fd5abdef000 r--p 00029000 08:01 952759                     /home/spl211/.local/share/JetBrains/Toolbox/apps/CLion/ch-0/212.5457.51/jbr/lib/libjava.so
7fd5abdef000-7fd5abdf0000 rw-p 0002a000 08:01 952759                     /home/spl211/.local/share/JetBrains/Toolbox/apps/CLion/ch-0/212.5457.51/jbr/lib/libjava.so
7fd5abdf0000-7fd5abdf1000 rw-p 00000000 00:00 0 
7fd5abdf1000-7fd5abdfe000 r-xp 00000000 08:01 952788                     /home/spl211/.local/share/JetBrains/Toolbox/apps/CLion/ch-0/212.5457.51/jbr/lib/libverify.so
7fd5abdfe000-7fd5abffd000 ---p 0000d000 08:01 952788                     /home/spl211/.local/share/JetBrains/Toolbox/apps/CLion/ch-0/212.5457.51/jbr/lib/libverify.so
7fd5abffd000-7fd5abfff000 r--p 0000c000 08:01 952788                     /home/spl211/.local/share/JetBrains/Toolbox/apps/CLion/ch-0/212.5457.51/jbr/lib/libverify.so
7fd5abfff000-7fd5ac000000 rw-p 00000000 00:00 0 
7fd5ac000000-7fd5ac073000 rw-p 00000000 00:00 0 
7fd5ac073000-7fd5b0000000 ---p 00000000 00:00 0 
7fd5b0025000-7fd5b002a000 rw-p 00000000 00:00 0 
7fd5b002a000-7fd5b0110000 ---p 00000000 00:00 0 
7fd5b0110000-7fd5b0115000 rw-p 00000000 00:00 0 
7fd5b0115000-7fd5b01fb000 ---p 00000000 00:00 0 
7fd5b01fb000-7fd5b0202000 r-xp 00000000 08:01 1185778                    /lib/x86_64-linux-gnu/librt-2.27.so
7fd5b0202000-7fd5b0401000 ---p 00007000 08:01 1185778                    /lib/x86_64-linux-gnu/librt-2.27.so
7fd5b0401000-7fd5b0402000 r--p 00006000 08:01 1185778                    /lib/x86_64-linux-gnu/librt-2.27.so
7fd5b0402000-7fd5b0403000 rw-p 00007000 08:01 1185778                    /lib/x86_64-linux-gnu/librt-2.27.so
7fd5b0403000-7fd5b05a0000 r-xp 00000000 08:01 1185620                    /lib/x86_64-linux-gnu/libm-2.27.so
7fd5b05a0000-7fd5b079f000 ---p 0019d000 08:01 1185620                    /lib/x86_64-linux-gnu/libm-2.27.so
7fd5b079f000-7fd5b07a0000 r--p 0019c000 08:01 1185620                    /lib/x86_64-linux-gnu/libm-2.27.so
7fd5b07a0000-7fd5b07a1000 rw-p 0019d000 08:01 1185620                    /lib/x86_64-linux-gnu/libm-2.27.so
7fd5b07a1000-7fd5b18fa000 r-xp 00000000 08:01 952852                     /home/spl211/.local/share/JetBrains/Toolbox/apps/CLion/ch-0/212.5457.51/jbr/lib/server/libjvm.so
7fd5b18fa000-7fd5b1af9000 ---p 01159000 08:01 952852                     /home/spl211/.local/share/JetBrains/Toolbox/apps/CLion/ch-0/212.5457.51/jbr/lib/server/libjvm.so
7fd5b1af9000-7fd5b1bbe000 r--p 01158000 08:01 952852                     /home/spl211/.local/share/JetBrains/Toolbox/apps/CLion/ch-0/212.5457.51/jbr/lib/server/libjvm.so
7fd5b1bbe000-7fd5b1bf9000 rw-p 0121d000 08:01 952852                     /home/spl211/.local/share/JetBrains/Toolbox/apps/CLion/ch-0/212.5457.51/jbr/lib/server/libjvm.so
7fd5b1bf9000-7fd5b1c50000 rw-p 00000000 00:00 0 
7fd5b1c50000-7fd5b1e37000 r-xp 00000000 08:01 1185515                    /lib/x86_64-linux-gnu/libc-2.27.so
7fd5b1e37000-7fd5b2037000 ---p 001e7000 08:01 1185515                    /lib/x86_64-linux-gnu/libc-2.27.so
7fd5b2037000-7fd5b203b000 r--p 001e7000 08:01 1185515                    /lib/x86_64-linux-gnu/libc-2.27.so
7fd5b203b000-7fd5b203d000 rw-p 001eb000 08:01 1185515                    /lib/x86_64-linux-gnu/libc-2.27.so
7fd5b203d000-7fd5b2041000 rw-p 00000000 00:00 0 
7fd5b2041000-7fd5b2044000 r-xp 00000000 08:01 1185574                    /lib/x86_64-linux-gnu/libdl-2.27.so
7fd5b2044000-7fd5b2243000 ---p 00003000 08:01 1185574                    /lib/x86_64-linux-gnu/libdl-2.27.so
7fd5b2243000-7fd5b2244000 r--p 00002000 08:01 1185574                    /lib/x86_64-linux-gnu/libdl-2.27.so
7fd5b2244000-7fd5b2245000 rw-p 00003000 08:01 1185574                    /lib/x86_64-linux-gnu/libdl-2.27.so
7fd5b2245000-7fd5b2254000 r-xp 00000000 08:01 952745                     /home/spl211/.local/share/JetBrains/Toolbox/apps/CLion/ch-0/212.5457.51/jbr/lib/jli/libjli.so
7fd5b2254000-7fd5b2453000 ---p 0000f000 08:01 952745                     /home/spl211/.local/share/JetBrains/Toolbox/apps/CLion/ch-0/212.5457.51/jbr/lib/jli/libjli.so
7fd5b2453000-7fd5b2454000 r--p 0000e000 08:01 952745                     /home/spl211/.local/share/JetBrains/Toolbox/apps/CLion/ch-0/212.5457.51/jbr/lib/jli/libjli.so
7fd5b2454000-7fd5b2455000 rw-p 0000f000 08:01 952745                     /home/spl211/.local/share/JetBrains/Toolbox/apps/CLion/ch-0/212.5457.51/jbr/lib/jli/libjli.so
7fd5b2455000-7fd5b246f000 r-xp 00000000 08:01 1185740                    /lib/x86_64-linux-gnu/libpthread-2.27.so
7fd5b246f000-7fd5b266e000 ---p 0001a000 08:01 1185740                    /lib/x86_64-linux-gnu/libpthread-2.27.so
7fd5b266e000-7fd5b266f000 r--p 00019000 08:01 1185740                    /lib/x86_64-linux-gnu/libpthread-2.27.so
7fd5b266f000-7fd5b2670000 rw-p 0001a000 08:01 1185740                    /lib/x86_64-linux-gnu/libpthread-2.27.so
7fd5b2670000-7fd5b2674000 rw-p 00000000 00:00 0 
7fd5b2674000-7fd5b2690000 r-xp 00000000 08:01 1185776                    /lib/x86_64-linux-gnu/libz.so.1.2.11
7fd5b2690000-7fd5b288f000 ---p 0001c000 08:01 1185776                    /lib/x86_64-linux-gnu/libz.so.1.2.11
7fd5b288f000-7fd5b2890000 r--p 0001b000 08:01 1185776                    /lib/x86_64-linux-gnu/libz.so.1.2.11
7fd5b2890000-7fd5b2891000 rw-p 0001c000 08:01 1185776                    /lib/x86_64-linux-gnu/libz.so.1.2.11
7fd5b2891000-7fd5b28b8000 r-xp 00000000 08:01 1185318                    /lib/x86_64-linux-gnu/ld-2.27.so
7fd5b2977000-7fd5b2998000 rw-p 00000000 00:00 0 
7fd5b2998000-7fd5b299c000 ---p 00000000 00:00 0 
7fd5b299c000-7fd5b2a9b000 rw-p 00000000 00:00 0 
7fd5b2aa0000-7fd5b2aa5000 rw-p 00000000 00:00 0 
7fd5b2aa5000-7fd5b2aac000 ---p 00000000 00:00 0 
7fd5b2aac000-7fd5b2ab4000 rw-s 00000000 08:01 1052297                    /tmp/hsperfdata_spl211/8973
7fd5b2ab4000-7fd5b2ab5000 ---p 00000000 00:00 0 
7fd5b2ab5000-7fd5b2ab6000 r--p 00000000 00:00 0 
7fd5b2ab6000-7fd5b2ab8000 rw-p 00000000 00:00 0 
7fd5b2ab8000-7fd5b2ab9000 r--p 00027000 08:01 1185318                    /lib/x86_64-linux-gnu/ld-2.27.so
7fd5b2ab9000-7fd5b2aba000 rw-p 00028000 08:01 1185318                    /lib/x86_64-linux-gnu/ld-2.27.so
7fd5b2aba000-7fd5b2abb000 rw-p 00000000 00:00 0 
7ffdee5d9000-7ffdee5fa000 rw-p 00000000 00:00 0                          [stack]
7ffdee5fa000-7ffdee5fd000 r--p 00000000 00:00 0                          [vvar]
7ffdee5fd000-7ffdee5ff000 r-xp 00000000 00:00 0                          [vdso]
ffffffffff600000-ffffffffff601000 r-xp 00000000 00:00 0                  [vsyscall]


VM Arguments:
java_command: git4idea.http.GitAskPassApp Username for 'https://github.com': 
java_class_path (initial): /home/spl211/.local/share/JetBrains/Toolbox/apps/CLion/ch-0/212.5457.51/plugins/git4idea/lib/git4idea-rt.jar:/home/spl211/.local/share/JetBrains/Toolbox/apps/CLion/ch-0/212.5457.51/lib/3rd-party.jar
Launcher Type: SUN_STANDARD

[Global flags]
     intx CICompilerCount                          = 2                                         {product} {ergonomic}
     uint ConcGCThreads                            = 1                                         {product} {ergonomic}
     uint G1ConcRefinementThreads                  = 2                                         {product} {ergonomic}
   size_t G1HeapRegionSize                         = 1048576                                   {product} {ergonomic}
    uintx GCDrainStackTargetSize                   = 64                                        {product} {ergonomic}
   size_t InitialHeapSize                          = 65011712                                  {product} {ergonomic}
   size_t MarkStackSize                            = 4194304                                   {product} {ergonomic}
   size_t MaxHeapSize                              = 1035993088                                {product} {ergonomic}
   size_t MinHeapDeltaBytes                        = 1048576                                   {product} {ergonomic}
    uintx NonNMethodCodeHeapSize                   = 5825164                                {pd product} {ergonomic}
    uintx NonProfiledCodeHeapSize                  = 122916538                              {pd product} {ergonomic}
    uintx ProfiledCodeHeapSize                     = 122916538                              {pd product} {ergonomic}
    uintx ReservedCodeCacheSize                    = 251658240                              {pd product} {ergonomic}
     bool SegmentedCodeCache                       = true                                      {product} {ergonomic}
     bool UseCompressedClassPointers               = true                                 {lp64_product} {ergonomic}
     bool UseCompressedOops                        = true                                 {lp64_product} {ergonomic}
     bool UseG1GC                                  = true                                      {product} {ergonomic}

Logging:
Log output configuration:
 #0: stdout all=warning uptime,level,tags
 #1: stderr all=off uptime,level,tags

Environment Variables:
PATH=/usr/lib/git-core:/usr/local/sbin:/usr/local/bin:/usr/sbin:/usr/bin:/sbin:/bin:/usr/games:/usr/local/games:/snap/bin
USERNAME=spl211
SHELL=/bin/bash
DISPLAY=:0
LANG=en_IL
LC_ALL=en_US.UTF-8

Signal Handlers:
SIGSEGV: [libjvm.so+0xe74e90], sa_mask[0]=11111111011111111101111111111110, sa_flags=SA_RESTART|SA_SIGINFO
SIGBUS: [libjvm.so+0xe74e90], sa_mask[0]=11111111011111111101111111111110, sa_flags=SA_RESTART|SA_SIGINFO
SIGFPE: [libjvm.so+0xe74e90], sa_mask[0]=11111111011111111101111111111110, sa_flags=SA_RESTART|SA_SIGINFO
SIGPIPE: [libjvm.so+0xbc6700], sa_mask[0]=11111111011111111101111111111110, sa_flags=SA_RESTART|SA_SIGINFO
SIGXFSZ: [libjvm.so+0xbc6700], sa_mask[0]=11111111011111111101111111111110, sa_flags=SA_RESTART|SA_SIGINFO
SIGILL: [libjvm.so+0xe74e90], sa_mask[0]=11111111011111111101111111111110, sa_flags=SA_RESTART|SA_SIGINFO
SIGUSR2: [libjvm.so+0xbc6590], sa_mask[0]=00100000000000000000000000000000, sa_flags=SA_RESTART|SA_SIGINFO
SIGHUP: SIG_DFL, sa_mask[0]=00000000000000000000000000000000, sa_flags=none
SIGINT: SIG_DFL, sa_mask[0]=00000000000000000000000000000000, sa_flags=none
SIGTERM: SIG_DFL, sa_mask[0]=00000000000000000000000000000000, sa_flags=none
SIGQUIT: SIG_DFL, sa_mask[0]=00000000000000000000000000000000, sa_flags=none


---------------  S Y S T E M  ---------------

OS:DISTRIB_ID=Ubuntu
DISTRIB_RELEASE=18.04
DISTRIB_CODENAME=bionic
DISTRIB_DESCRIPTION="Ubuntu 18.04.1 LTS"
uname:Linux 4.15.0-162-generic #170-Ubuntu SMP Mon Oct 18 11:38:05 UTC 2021 x86_64
OS uptime: 0 days 7:08 hours
libc:glibc 2.27 NPTL 2.27 
rlimit (soft/hard): STACK 8192k/infinity , CORE 0k/infinity , NPROC 15525/15525 , NOFILE 1048576/1048576 , AS infinity/infinity , CPU infinity/infinity , DATA infinity/infinity , FSIZE infinity/infinity , MEMLOCK 65536k/65536k
load average:2.81 2.35 1.65

/proc/meminfo:
MemTotal:        4039160 kB
MemFree:          107496 kB
MemAvailable:      14896 kB
Buffers:             328 kB
Cached:            79240 kB
SwapCached:         3552 kB
Active:          3098380 kB
Inactive:         633796 kB
Active(anon):    3093748 kB
Inactive(anon):   618784 kB
Active(file):       4632 kB
Inactive(file):    15012 kB
Unevictable:          48 kB
Mlocked:              48 kB
SwapTotal:        969960 kB
SwapFree:              0 kB
Dirty:                96 kB
Writeback:             0 kB
AnonPages:       3649336 kB
Mapped:            43056 kB
Shmem:             59764 kB
Slab:              73760 kB
SReclaimable:      32312 kB
SUnreclaim:        41448 kB
KernelStack:       13264 kB
PageTables:        49128 kB
NFS_Unstable:          0 kB
Bounce:                0 kB
WritebackTmp:          0 kB
CommitLimit:     2989540 kB
Committed_AS:    9057088 kB
VmallocTotal:   34359738367 kB
VmallocUsed:           0 kB
VmallocChunk:          0 kB
HardwareCorrupted:     0 kB
AnonHugePages:     10240 kB
ShmemHugePages:        0 kB
ShmemPmdMapped:        0 kB
CmaTotal:              0 kB
CmaFree:               0 kB
HugePages_Total:       0
HugePages_Free:        0
HugePages_Rsvd:        0
HugePages_Surp:        0
Hugepagesize:       2048 kB
DirectMap4k:      204736 kB
DirectMap2M:     3989504 kB

/sys/kernel/mm/transparent_hugepage/enabled:
always [madvise] never
/sys/kernel/mm/transparent_hugepage/defrag (defrag/compaction efforts parameter):
always defer defer+madvise [madvise] never

Process Memory:
Virtual Size: 1659176K (peak: 1749524K)
Resident Set Size: 5860K (peak: 8932K) (anon: 5860K, file: 0K, shmem: 0K)
Swapped out: 0K
C-Heap outstanding allocations: 556K

/proc/sys/kernel/threads-max (system-wide limit on the number of threads):
31050
/proc/sys/vm/max_map_count (maximum number of memory map areas a process may have):
65530
/proc/sys/kernel/pid_max (system-wide limit on number of process identifiers):
32768

container (cgroup) information:
container_type: cgroupv1
cpu_cpuset_cpus: 0-1
cpu_memory_nodes: 0
active_processor_count: 2
cpu_quota: -1
cpu_period: 100000
cpu_shares: -1
memory_limit_in_bytes: -1
memory_and_swap_limit_in_bytes: -2
memory_soft_limit_in_bytes: -1
memory_usage_in_bytes: 3820249088
memory_max_usage_in_bytes: 0

KVM virtualization detected
Steal ticks since vm start: 0
Steal ticks percentage since vm start:  0.000

CPU:total 2 (initial active 2) (2 cores per cpu, 1 threads per core) family 6 model 142 stepping 10 microcode 0x0, cmov, cx8, fxsr, mmx, sse, sse2, sse3, ssse3, sse4.1, sse4.2, popcnt, avx, avx2, aes, clmul, 3dnowpref, lzcnt, tsc, tscinvbit
CPU Model and flags from /proc/cpuinfo:
model name	: Intel(R) Core(TM) i5-8250U CPU @ 1.60GHz
flags		: fpu vme de pse tsc msr pae mce cx8 apic sep mtrr pge mca cmov pat pse36 clflush mmx fxsr sse sse2 ht syscall nx rdtscp lm constant_tsc rep_good nopl xtopology nonstop_tsc cpuid tsc_known_freq pni pclmulqdq ssse3 cx16 pcid sse4_1 sse4_2 x2apic movbe popcnt aes xsave avx rdrand hypervisor lahf_lm abm 3dnowprefetch invpcid_single pti fsgsbase avx2 invpcid rdseed clflushopt md_clear flush_l1d
Online cpus:
0-1
Offline cpus:

BIOS frequency limitation:
<Not Available>
Frequency switch latency (ns):
<Not Available>
Available cpu frequencies:
<Not Available>
Current governor:
<Not Available>
Core performance/turbo boost:
<Not Available>

Memory: 4k page, physical 4039160k(105636k free), swap 969960k(0k free)

vm_info: OpenJDK 64-Bit Server VM (11.0.12+7-b1504.40) for linux-amd64 JRE (11.0.12+7-b1504.40), built on Sep 23 2021 10:28:44 by "" with gcc 8.3.1 20190311 (Red Hat 8.3.1-3)

END.
